<?xml version="1.0" encoding="UTF-8"?>
<!-- Generated by org.testng.reporters.JUnitReportReporter -->
<testsuite hostname="MacBook-Air.local" failures="0" tests="1" name="alerts.HandleAlerts" time="9.739" errors="0" timestamp="2025-05-24T16:40:38 EDT" skipped="0">
  <testcase classname="alerts.HandleAlerts" name="handlejsPrompt" time="9.739"/>
</testsuite> <!-- alerts.HandleAlerts -->
