<?xml version="1.0" encoding="UTF-8"?>
<!-- Generated by org.testng.reporters.JUnitReportReporter -->
<testsuite hostname="MacBook-Air.local" failures="0" tests="1" name="winhandles.WindowHandlesEx" time="40.485" errors="0" timestamp="2025-06-08T12:03:52 EDT" skipped="0">
  <testcase classname="winhandles.WindowHandlesEx" name="WindowHandles" time="40.485"/>
</testsuite> <!-- winhandles.WindowHandlesEx -->
