<?xml version="1.0" encoding="UTF-8"?>
<!-- Generated by org.testng.reporters.JUnitReportReporter -->
<testsuite hostname="MacBook-Air.local" failures="0" tests="1" name="assignment.WindowsHandlesTest" time="32.681" errors="0" timestamp="2025-06-08T20:12:41 EDT" skipped="0">
  <testcase classname="assignment.WindowsHandlesTest" name="WindowHandles" time="32.681"/>
</testsuite> <!-- assignment.WindowsHandlesTest -->
