<?xml version="1.0" encoding="UTF-8"?>
<!-- Generated by org.testng.reporters.JUnitReportReporter -->
<testsuite hostname="MacBook-Air.local" failures="0" tests="1" name="alerts.HandleAlerts" time="10.985" errors="0" timestamp="2025-05-25T10:42:45 EDT" skipped="0">
  <testcase classname="alerts.HandleAlerts" name="handlejsAlerts" time="10.985"/>
</testsuite> <!-- alerts.HandleAlerts -->
