<?xml version="1.0" encoding="UTF-8"?>
<!-- Generated by org.testng.reporters.JUnitReportReporter -->
<testsuite hostname="MacBook-Air.local" failures="0" tests="1" name="mytests.Dropdown" time="9.279" errors="0" timestamp="2025-05-26T19:31:49 EDT" skipped="0">
  <testcase classname="mytests.Dropdown" name="DropDown" time="9.279"/>
</testsuite> <!-- mytests.Dropdown -->
