<?xml version="1.0" encoding="UTF-8"?>
<!-- Generated by org.testng.reporters.JUnitReportReporter -->
<testsuite hostname="MacBook-Air.local" failures="0" tests="1" name="alerts.HandleAlerts3" time="9.250" errors="0" timestamp="2025-05-26T19:34:20 EDT" skipped="0">
  <testcase classname="alerts.HandleAlerts3" name="handlejsPrompt" time="9.250"/>
</testsuite> <!-- alerts.HandleAlerts3 -->
