<?xml version="1.0" encoding="UTF-8"?>
<!-- Generated by org.testng.reporters.JUnitReportReporter -->
<testsuite hostname="MacBook-Air.local" failures="0" tests="1" name="assignment.RandomOrbitSander" time="24.765" errors="0" timestamp="2025-06-01T09:27:46 EDT" skipped="0">
  <testcase classname="assignment.RandomOrbitSander" name="OrbitSander" time="24.765"/>
</testsuite> <!-- assignment.RandomOrbitSander -->
