<?xml version="1.0" encoding="UTF-8"?>
<!-- Generated by org.testng.reporters.JUnitReportReporter -->
<testsuite hostname="MacBook-Air.local" failures="0" tests="1" name="assignment.CustomerRegistration" time="31.477" errors="0" timestamp="2025-05-26T20:36:22 EDT" skipped="0">
  <testcase classname="assignment.CustomerRegistration" name="CustomerRegister" time="31.477"/>
</testsuite> <!-- assignment.CustomerRegistration -->
