<?xml version="1.0" encoding="UTF-8"?>
<!-- Generated by org.testng.reporters.JUnitReportReporter -->
<testsuite hostname="MacBook-Air.local" failures="0" tests="1" name="alerts.HandleAlerts2" time="10.753" errors="0" timestamp="2025-05-25T10:27:01 EDT" skipped="0">
  <testcase classname="alerts.HandleAlerts2" name="testNavigation" time="10.753"/>
</testsuite> <!-- alerts.HandleAlerts2 -->
