<?xml version="1.0" encoding="UTF-8"?>
<!-- Generated by org.testng.reporters.JUnitReportReporter -->
<testsuite hostname="MacBook-Air.local" failures="0" tests="1" name="mytests.DragAndDrop" time="9.291" errors="0" timestamp="2025-06-01T11:13:46 EDT" skipped="0">
  <testcase classname="mytests.DragAndDrop" name="testDragAndDrop" time="9.291"/>
</testsuite> <!-- mytests.DragAndDrop -->
