<?xml version="1.0" encoding="UTF-8"?>
<!-- Generated by org.testng.reporters.JUnitReportReporter -->
<testsuite hostname="MacBook-Air.local" failures="0" tests="1" name="assignment.HeadingCheck" time="7.412" errors="0" timestamp="2025-06-08T16:42:24 EDT" skipped="0">
  <testcase classname="assignment.HeadingCheck" name="headingCheck" time="7.412"/>
</testsuite> <!-- assignment.HeadingCheck -->
